         w __deregister_frame_info
         w __register_frame_info
         w userAppExit
         w userAppInit
00000000 00000401 B __ctru_dev_path_buf
00000000 b _TLS_MODULE_BASE_
00000000 a shift
00000000 a shift
00000404 00000802 B __ctru_dev_utf16_buf
00100000 A __start__
00100000 T _start
00100008 T __service_ptr
0010000c T __apt_appid
00100010 T __heap_size
00100014 T __linear_heap_size
00100018 T __system_arglist
0010001c T __system_runflags
00100020 t startup
00100058 t ClearMem
0010006c t ClrLoop
00100094 T _init
001000ac t .udivsi3_skip_div0_test
001000ac T __aeabi_uidiv
001000ac 000001ec T __udivsi3
00100298 00000020 T __aeabi_uidivmod
001002b8 T __aeabi_idiv
001002b8 00000220 T __divsi3
001002c0 t .divsi3_skip_div0_test
001004d8 00000020 T __aeabi_idivmod
001004f8 00000004 W __aeabi_idiv0
001004f8 00000004 W __aeabi_ldiv0
001004fc T __aeabi_drsub
00100504 000002b0 T __aeabi_dsub
00100504 000002b0 T __subdf3
00100508 000002ac T __adddf3
00100508 000002ac T __aeabi_dadd
001007b4 00000024 T __aeabi_ui2d
001007b4 00000024 T __floatunsidf
001007d8 00000028 T __aeabi_i2d
001007d8 00000028 T __floatsidf
00100800 00000048 T __aeabi_f2d
00100800 00000048 T __extendsfdf2
00100848 00000074 T __aeabi_ul2d
00100848 00000074 T __floatundidf
0010085c 00000060 T __aeabi_l2d
0010085c 00000060 T __floatdidf
001008bc T __aeabi_ldivmod
00100990 T __aeabi_uldivmod
001009e8 00000390 T strcmp
00100d70 t __do_global_dtors_aux
00100db0 t frame_dummy
00100ddc 000001a8 T threadMain
00100f84 00000624 T main
001015a8 00000034 t C2Di_FrameEndHook
001015e0 00000330 T C2D_Init
00101910 00000044 T C2D_Fini
00101954 000000d0 T C2D_Prepare
00101a24 0000003c T C2D_Flush
00101a60 00000108 T C2D_SceneSize
00101b68 00000058 T C2D_CreateScreenTarget
00101bc0 00000058 T C2D_TargetClear
00101c18 0000013c T C2Di_CalcQuad
00101d54 0000022c T C2Di_Update
00101f80 000002f8 T C2D_DrawImage
00102278 0000006c T C2D_SpriteSheetLoadFromHandle
001022e4 00000048 T C2D_SpriteSheetLoad
0010232c 00000028 T C2D_SpriteSheetFree
00102354 00000008 T C2D_SpriteSheetCount
0010235c 0000002c T C2D_SpriteSheetGetImage
00102388 00000004 W C3Di_LightEnvUpdate
0010238c 00000004 W C3Di_LightEnvDirty
00102390 000000b4 t C3Di_AptEventHook
00102444 00000004 W C3Di_GasUpdate
00102448 000001e0 T C3D_Init
00102628 00000098 T C3D_SetViewport
001026c0 000004ec T C3Di_UpdateContext
00102bac 000000e0 T C3Di_SplitFrame
00102c8c 00000010 T C3D_GetCmdBufUsage
00102c9c 00000044 T C3D_Fini
00102ce0 00000108 T C3D_BindProgram
00102de8 0000004c t onVBlank0
00102e34 0000004c t onVBlank1
00102e80 00000080 t C3Di_RenderTargetDestroy
00102f00 000000f4 t onQueueFinish
00102ff4 00000038 T C3Di_RenderQueueEnableVBlank
0010302c 00000030 T C3Di_RenderQueueDisableVBlank
0010305c 00000060 T C3Di_RenderQueueInit
001030bc 000000b0 T C3Di_RenderQueueExit
0010316c 00000034 T C3Di_RenderQueueWaitDone
001031a0 000000e4 T C3D_FrameBegin
00103284 00000048 T C3D_FrameDrawOn
001032cc 00000058 T C3D_FrameSplit
00103324 000001d8 T C3D_FrameEnd
001034fc 0000001c T C3D_FrameEndHook
00103518 00000018 T C3D_GetDrawingTime
00103530 00000018 T C3D_GetProcessingTime
00103548 00000128 T C3D_RenderTargetCreate
00103670 000000a8 T C3D_RenderTargetSetOutput
00103718 000000fc T C3D_SyncTextureCopy
00103814 000002a0 T C3D_TexInitWithParams
00103ab4 000000c8 T C3D_TexLoadImage
00103b7c 00000044 T C3D_TexBind
00103bc0 00000074 T C3D_TexDelete
00103c34 0000016c T C3Di_SetTex
00103da0 000003f4 t Tex3DSi_ImportCommon
00104194 00000038 T Tex3DS_TextureImportStdio
001041cc 00000008 T Tex3DS_GetNumSubTextures
001041d4 0000001c T Tex3DS_GetSubTexture
001041f0 00000004 T Tex3DS_TextureFree
001041f4 0000001c T C3D_CalcColorBufSize
00104210 0000001c T C3D_CalcDepthBufSize
0010422c 00000044 T C3D_SetFrameBuf
00104270 0000016c T C3Di_FrameBufBind
001043dc 000000cc T C3D_FrameBufClear
001044a8 00000044 T C3D_FrameBufTransfer
001044ec 00000034 T C3D_GetTexEnv
00104520 00000024 T C3Di_TexEnvBind
00104544 00000070 T C3D_ProcTexInit
001045b4 00000054 T C3D_ProcTexBind
00104608 0000005c T C3D_ProcTexLutBind
00104664 000000a4 T ProcTexLut_FromArray
00104708 0000017c T C3Di_ProcTexUpdate
00104884 00000068 T C3Di_ProcTexDirty
001048ec 00000024 T BufInfo_Init
00104910 00000080 T BufInfo_Add
00104990 00000040 T C3D_SetBufInfo
001049d0 00000048 T C3Di_BufInfoBind
00104a18 00000148 T C3D_DrawArrays
00104b60 00000040 T C3D_DepthMap
00104ba0 0000001c T C3D_CullFace
00104bbc 00000040 T C3D_StencilTest
00104bfc 00000024 T C3D_StencilOp
00104c20 0000001c T C3D_BlendingColor
00104c3c 00000024 T C3D_EarlyDepthTest
00104c60 0000002c T C3D_DepthTest
00104c8c 0000002c T C3D_AlphaTest
00104cb8 00000050 T C3D_AlphaBlend
00104d08 00000030 T C3D_FragOpMode
00104d38 00000044 T C3D_FragOpShadow
00104d7c 000001ac T C3Di_EffectBind
00104f28 00000028 T AttrInfo_Init
00104f50 00000098 T AttrInfo_AddLoader
00104fe8 00000054 T C3D_SetAttrInfo
0010503c 00000080 T C3Di_AttrInfoBind
001050bc 000000a8 T C3D_ImmSendAttrib
00105164 0000029c T C3D_UpdateUniforms
00105400 000000c0 T C3Di_DirtyUniforms
001054c0 000000d8 T C3Di_LoadShaderUniforms
00105598 00000028 T C3Di_ClearShaderUniforms
001055c0 000000cc T Mtx_Ortho
0010568c 000000cc T Mtx_OrthoTilt
00105758 00000024 t addrMapNodeComparator(rbtree_node const*, rbtree_node const*)
0010577c 00000004 t addrMapNodeDestructor(rbtree_node*)
00105780 00000114 T vramMemAlign
00105894 00000008 T vramAlloc
0010589c 0000005c T vramFree
001058f8 00000024 t addrMapNodeComparator(rbtree_node const*, rbtree_node const*)
0010591c 00000004 t addrMapNodeDestructor(rbtree_node*)
00105920 00000120 T linearMemAlign
00105a40 00000008 T linearAlloc
00105a48 0000005c T linearFree
00105aa4 00000084 T MemPool::CoalesceRight(MemBlock*)
00105b28 00000170 T MemPool::Allocate(MemChunk&, unsigned long, int)
00105c98 000000fc T MemPool::Deallocate(MemChunk const&)
00105d94 00000008 t romfs_close
00105d9c 000000c8 t romfs_seek
00105e64 00000024 t romfs_dirreset
00105e88 000000c8 t fill_dir
00105f50 000002b0 t romfs_dirnext
00106200 00000084 t romfs_free
00106284 000000d4 t searchForFile.constprop.0
00106358 000000d8 t searchForDir.constprop.0
00106430 000001c0 t navigateToDir.constprop.0
001065f0 00000128 t romfs_open
00106718 0000004c t romfs_chdir
00106764 00000070 t romfs_diropen
001067d4 0000017c t romfs_stat
00106950 00000008 t romfs_dirclose
00106958 0000007c t romfs_fstat
001069d4 000000d4 t romfs_read
00106aa8 00000290 T romfsMountFromFile
00106d38 00000098 T romfsMountFromCurrentProcess
00106dd0 0000025c T romfsMountSelf
0010702c 000000ac T romfsUnmount
001070d8 00000074 T osConvertVirtToPhys
0010714c 00000054 T osGetTimeRef
001071a0 000000e4 T osGetTime
00107284 00000074 T __libctru_gtod
001072f8 00000038 T osTickCounterRead
00107330 00000034 T __ctru_speedup_config
00107364 00000178 T consoleDrawChar
001074dc 00000124 T consolePrintChar
00107600 00000a00 T con_write
00108000 00000168 T consoleInit
00108168 000000f4 t newRow
0010825c 000000d0 t gfxPresentFramebuffer
0010832c 0000001c T gfxIsWide
00108348 000000ec T gfxSetScreenFormat
00108434 00000010 T gfxSetDoubleBuffering
00108444 00000108 T gfxInit
0010854c 00000010 T gfxInitDefault
0010855c 000000b4 T gfxExit
00108610 000000a0 T gfxGetFramebuffer
001086b0 0000010c T gfxFlushBuffers
001087bc 00000030 T gfxScreenSwapBuffers
001087ec 00000050 T gfxSwapBuffersGpu
0010883c 00000188 T threadCreate
001089c4 0000002c T threadFree
001089f0 00000024 T threadJoin
00108a14 00000030 T threadGetCurrent
00108a44 00000040 T threadExit
00108a84 00000044 t _thread_begin
00108ac8 000001e0 T shaderInstanceInit
00108ca8 00000018 T shaderInstanceGetUniformLocation
00108cc0 0000001c T shaderProgramInit
00108cdc 00000064 T shaderProgramFree
00108d40 00000080 T shaderProgramSetVsh
00108dc0 000008c0 T shaderProgramConfigure
00109680 000001f8 t DVLE_GenerateOutmap.part.0
00109878 000001cc T DVLB_ParseFile
00109a44 00000038 T DVLB_Free
00109a7c 00000074 T DVLE_GetUniformRegister
00109af0 00000010 T GX_BindQueue
00109b00 00000078 T GX_ProcessCommandList
00109b78 00000074 T GX_MemoryFill
00109bec 00000070 T GX_DisplayTransfer
00109c5c 00000074 T GX_TextureCopy
00109cd0 00000068 t gxCmdQueueDoCommands.part.0
00109d38 000000c8 T gxCmdQueueInterrupt
00109e00 0000004c T gxCmdQueueClear
00109e4c 000000f8 T gxCmdQueueAdd
00109f44 00000080 T gxCmdQueueRun
00109fc4 00000060 T gxCmdQueueStop
0010a024 00000074 T gxCmdQueueWait
0010a098 0000013c T GPUCMD_Add
0010a1d4 000000ac T GPUCMD_Split
0010a280 00000040 T f32tof16
0010a2c0 00000040 T f32tof24
0010a300 00000044 T f32tof31
0010a344 00000c58 t gspHardwareInit
0010af9c 00000254 T gspInit
0010b1f0 000000f0 T gspExit
0010b2e0 00000010 T gspHasGpuRight
0010b2f0 00000098 T gspPresentBuffer
0010b388 00000030 T gspSetEventCallback
0010b3b8 00000050 T gspWaitForEvent
0010b408 0000004c T gspWaitForAnyEvent
0010b454 00000160 t gspEventThreadMain
0010b5b4 00000130 T gspSubmitGxCommand
0010b6e4 00000050 T GSPGPU_FlushDataCache
0010b734 00000034 T GSPGPU_SetLcdForceBlack
0010b768 00000068 T GSPGPU_AcquireRight
0010b7d0 00000048 T GSPGPU_ReleaseRight
0010b818 0000007c T GSPGPU_ImportDisplayCaptureInfo
0010b894 0000002c T GSPGPU_SaveVramSysArea
0010b8c0 0000002c T GSPGPU_RestoreVramSysArea
0010b8ec 000001b0 t aptConvertScreenForCapture
0010ba9c 00000008 W aptDspSleep
0010baa4 00000004 W aptDspWakeup
0010baa8 00000004 W aptDspCancel
0010baac 0000015c T aptSendCommand
0010bc08 00000038 t aptExitProcess
0010bc40 000002f0 T aptExit
0010bf30 000000d8 T aptHandleSleep
0010c008 00000030 T aptHook
0010c038 00000030 T aptUnhook
0010c068 00000084 T APT_SleepIfShellClosed
0010c0ec 00000084 T aptSetSleepAllowed
0010c170 00000084 T APT_UnlockTransition
0010c1f8 00000484 t aptEventHandler
0010c67c 000000b0 T APT_ReceiveParameter
0010c72c 000000b0 t aptReceiveParameter.constprop.0
0010c7e0 000002bc t aptScreenTransfer
0010ca9c 000002d0 t aptWaitForWakeUp.isra.0
0010cd6c 000000f8 T aptJumpToHomeMenu
0010ce64 0000004c T aptMainLoop
0010ceb0 00000234 T aptInit
0010d0e4 0000007c T APT_CheckNew3DS
0010d160 00000024 W hidShouldUseIrrst
0010d184 0000018c T hidInit
0010d310 000000e8 T hidExit
0010d3f8 00000294 T hidScanInput
0010d68c 00000010 T hidKeysHeld
0010d69c 00000010 T hidKeysDown
0010d6ac 00000074 T ptmSysmInit
0010d720 0000003c T ptmSysmExit
0010d75c 00000034 T PTMSYSM_ConfigureNew3DSCPU
0010d790 000000c8 T fsInit
0010d858 0000003c T fsExit
0010d894 00000060 T fsExemptFromSession
0010d8f4 00000050 T fsUnexemptFromSession
0010d944 000000cc T FSUSER_OpenFile
0010da10 000000d4 T FSUSER_OpenFileDirectly
0010dae4 000000bc T FSUSER_DeleteFile
0010dba0 000000f8 T FSUSER_RenameFile
0010dc98 000000bc T FSUSER_DeleteDirectory
0010dd54 000000d4 T FSUSER_CreateFile
0010de28 000000c4 T FSUSER_CreateDirectory
0010deec 000000f8 T FSUSER_RenameDirectory
0010dfe4 000000b4 T FSUSER_OpenDirectory
0010e098 00000094 T FSUSER_OpenArchive
0010e12c 0000008c T FSUSER_CloseArchive
0010e1b8 00000074 T FSUSER_GetSdmcArchiveResource
0010e22c 00000064 T FSUSER_IsSdmcWritable
0010e290 00000058 T FSFILE_Read
0010e2e8 00000060 T FSFILE_Write
0010e348 00000038 T FSFILE_GetSize
0010e380 00000028 T FSFILE_SetSize
0010e3a8 0000003c T FSFILE_Close
0010e3e4 00000024 T FSFILE_Flush
0010e408 00000050 T FSDIR_Read
0010e458 0000003c T FSDIR_Close
0010e494 000000cc t buffer_read
0010e560 000000d0 t iov_read
0010e630 00000128 t iov_memmove
0010e758 000001d8 t decompress_rle
0010e930 00000258 t decompress_lzss
0010eb88 000002ec t decompress_huff.part.0
0010ee74 00000440 t decompress_lz11
0010f2b4 00000010 T decompressCallback_Stdio
0010f2c4 000000e4 T decompressHeader
0010f3a8 00000250 T decompressV
0010f5f8 00000010 T rbtree_init
0010f608 000001a0 t do_insert
0010f7a8 00000008 T rbtree_insert
0010f7b0 00000090 T rbtree_rotate
0010f840 00000338 T rbtree_remove
0010fb78 00000074 T rbtree_find
0010fbec 000000e8 T utf16_to_utf8
0010fcd4 00000064 T decode_utf16
0010fd38 000000c0 T utf8_to_utf16
0010fdf8 000001e0 W __system_allocateHeaps
0010ffd8 00000038 W __libctru_init
00110010 000000f0 W __system_initArgv
00110100 T svcControlMemory
00110120 T svcQueryMemory
00110150 T svcExitProcess
00110158 T svcCreateThread
00110178 T svcExitThread
00110180 T svcSleepThread
00110188 T svcGetThreadPriority
0011019c T svcReleaseMutex
001101a4 T svcCreateEvent
001101b8 T svcSignalEvent
001101c0 T svcClearEvent
001101c8 T svcMapMemoryBlock
001101d0 T svcUnmapMemoryBlock
001101d8 T svcCreateAddressArbiter
001101ec T svcArbitrateAddressNoTimeout
001101f4 T svcCloseHandle
001101fc T svcWaitSynchronization
00110204 T svcWaitSynchronizationN
0011022c T svcDuplicateHandle
00110240 T svcGetSystemTick
00110248 T svcConnectToPort
0011025c T svcSendSyncRequest
00110264 T svcGetResourceLimit
00110278 T svcGetResourceLimitLimitValues
00110280 T svcGetResourceLimitCurrentValues
00110288 T svcBreak
00110290 W initSystem
001102e0 W __ctru_exit
001102f8 T __aeabi_read_tp
00110304 0000000c T __sync_init
00110310 00000018 T __sync_fini
00110328 0000002c T syncArbitrateAddress
00110354 0000001c T LightLock_Init
00110370 00000094 T LightLock_Lock
00110404 00000044 T LightLock_TryLock
00110448 00000040 T LightLock_Unlock
00110488 00000024 T RecursiveLock_Init
001104ac 00000030 T RecursiveLock_Lock
001104dc 00000078 T RecursiveLock_TryLock
00110554 00000054 T RecursiveLock_Unlock
001105a8 00000040 T LightEvent_Init
001105e8 000000a4 T LightEvent_Clear
0011068c 000000c8 T LightEvent_Signal
00110754 00000058 T LightEvent_TryWait
001107ac 000000b0 T LightEvent_Wait
0011085c 00000084 W envGetHandle
001108e0 00000050 W envDestroyHandles
00110930 00000124 T srvInit
00110a54 00000058 T srvExit
00110aac 00000080 T srvGetServiceHandleDirect
00110b2c 00000048 T srvGetServiceHandle
00110b74 00000038 T srvPublishToSubscriber
00110bac 00000094 t mappableFindAddressWithin
00110c40 00000028 T mappableInit
00110c68 00000080 T mappableAlloc
00110ce8 00000004 T mappableFree
00110cec 00000160 T irrstInit
00110e4c 000000cc T irrstExit
00110f18 000000b0 T irrstScanInput
00110fc8 00000024 T irrstKeysHeld
00110fec 0000000c T srvPmGetSessionHandle
00110ff8 00000050 T rbtree_node_next
00111048 00000060 T encode_utf16
001110a8 000000fc T encode_utf8
001111a4 0000013c T decode_utf8
001112e0 00000030 W __appInit
00111310 00000030 t __libctru_nanosleep
00111340 00000030 t __libctru_get_reent
00111370 000000f8 T __system_initSyscalls
00111468 00000030 W __appExit
00111498 00000090 W __libctru_exit
00111528 00000014 t archive_link
0011153c 00000014 t archive_dirreset
00111550 00000014 t archive_chmod
00111564 00000024 t error_cmp
00111588 00000050 t archive_translate_error
001115d8 000000d4 t archive_seek
001116ac 0000007c t _archiveInit.part.0
00111728 0000008c t archiveFindDevice.part.0
001117b4 00000294 t archive_utf16path
00111a48 000000a0 t _archiveUnmountDeviceStruct.part.0
00111ae8 00000014 t archive_fchmod
00111afc 00000014 t archive_statvfs
00111b10 00000158 t _archiveMountDevice
00111c68 000000e8 t archive_diropen
00111d50 000000a4 t archive_fstat
00111df4 0000006c t archive_close
00111e60 0000006c t archive_fsync
00111ecc 00000070 t archive_dirclose
00111f3c 000000e8 t sdmc_statvfs
00112024 00000080 t archive_ftruncate
001120a4 000000fc t archive_chdir
001121a0 000000b0 t archive_read
00112250 000000ac t archive_unlink
001122fc 000000c8 t archive_rmdir
001123c4 000000ec t archive_mkdir
001124b0 000001a8 t archive_stat
00112658 00000184 t archive_rename
001127dc 00000168 t archive_dirnext
00112944 0000012c t archive_write
00112a70 000001f0 t archive_open
00112c60 000001a4 T archiveMountSdmc
00112e04 00000054 T archiveUnmountAll
00112e58 0000022c T cosf
00113084 00000024 t with_errnof
001130a8 0000001c T __math_invalidf
001130c8 00000274 T sinf
0011333c 00000120 T __udivmoddi4
0011345c 00000078 T bsearch
001134d4 00000028 T calloc
001134fc 00000094 T _calloc_r
00113590 0000000c T __errno
0011359c 00000034 T exit
001135d0 00000160 T _fclose_r
00113730 00000020 T fclose
00113750 00000258 T __sflush_r
001139a8 00000094 T _fflush_r
00113a3c 00000038 T fflush
00113a74 0000000c T _cleanup_r
00113a80 00000184 T __sinit
00113c04 00000134 T __sfp
00113d38 0000000c T __sfp_lock_acquire
00113d44 0000000c T __sfp_lock_release
00113d50 0000003c T __libc_fini_array
00113d8c 00000140 T _fopen_r
00113ecc 00000028 T fopen
00113ef4 000002d0 T _fread_r
001141c4 00000038 T fread
001141fc 000000f8 T _malloc_trim_r
001142f4 000002e4 T _free_r
001145d8 0000001c T _fseek_r
001145f4 000004f8 T _fseeko_r
00114aec 000001bc T _ftello_r
00114ca8 00000068 T _fwalk
00114d10 00000070 T _fwalk_reent
00114d80 0000007c T __libc_init_array
00114dfc 00000138 T __smakebuf_r
00114f34 00000094 T __swhatbuf_r
00114fc8 00000028 T memalign
00114ff0 00000148 T _memalign_r
00115138 00000020 T malloc
00115158 00000020 T free
00115178 000007f0 T _malloc_r
00115968 000000e0 T memchr
00115a48 000000a8 T memcmp
00115af0 0000011c T memcpy
00115c0c 00000118 T memset
00115d24 0000000c T __malloc_lock
00115d30 0000000c T __malloc_unlock
00115d3c 00000034 T printf
00115d70 0000001c T srand
00115d8c 00000044 T rand
00115dd0 0000001c t lflush
00115dec 000001ac T __srefill_r
00115f98 00000260 T setvbuf
001161f8 00000074 T sscanf
0011626c 00000044 T __sread
001162b0 00000008 T __seofread
001162b8 00000068 T __swrite
00116320 00000048 T __sseek
00116368 00000008 T __sclose
00116370 00000144 T strchr
001164b4 0000005c T strlen
00116510 000000ec T strncat
001165fc 000000dc T strncmp
001166d8 000000c0 T strncpy
00116798 00000048 T strnlen
001167e0 00000050 t get_arg
00116830 00002b68 T __ssvfscanf_r
00119398 0000003c T time
001193d4 0000064c t get_arg
00119a20 00000034 T __sprint_r
00119a54 00002584 T _vfiprintf_r
0011bfd8 000000d4 t __sbprintf
0011c0ac 0000064c t get_arg
0011c6f8 000038d4 T _vfprintf_r
0011ffcc 000000d4 t __sbprintf
001200a0 00000054 T _wcrtomb_r
001200f4 00000028 T _wcsrtombs_r
0012011c 00000154 T __swsetup_r
00120270 00000114 T __call_exitprocs
00120384 000001a8 t quorem
00120530 000012ec T _dtoa_r
0012181c 000000c8 T __sflags
001218e4 000004a4 T __sfvwrite_r
00121d88 00000008 T iswspace
00121d90 0000000c T _localeconv_r
00121d9c 00000010 T __locale_mb_cur_max
00121dac 00000068 T _mbrtowc_r
00121e14 000002fc T __utf8_mbtowc
00122110 00000154 T memmove
00122264 00000088 T _Balloc
001222ec 0000001c T _Bfree
00122308 000000f4 T __multadd
001223fc 00000110 T __s2b
0012250c 00000058 T __hi0bits
00122564 0000009c T __lo0bits
00122600 000000a4 T __i2b
001226a4 00000204 T __multiply
001228a8 00000120 T __pow5mult
001229c8 0000013c T __lshift
00122b04 00000058 T __mcmp
00122b5c 000001cc T __mdiff
00122d28 00000088 T __ulp
00122db0 000000d4 T __b2d
00122e84 0000012c T __d2b
00122fb0 00000078 T __ratio
00123028 00000088 T __copybits
001230b0 0000005c T __any_on
0012310c 00000028 T realloc
00123134 00000598 T _realloc_r
001236cc 000000e4 T __sccl
001237b0 0000000c T nanf
001237c0 000000a8 T frexp
00123868 00000064 T sprintf
001238cc 000000b8 T stpncpy
00123988 0000130c T _strtod_l
00124c94 0000000c T _strtod_r
00124ca0 0000022c t _strtoll_l.constprop.0
00124ecc 00000004 T _strtoll_r
00124ed0 000001b0 t _strtol_l.part.0
00125080 0000003c T _strtol_r
001250bc 00000244 t _strtoull_l.constprop.0
00125300 00000004 T _strtoull_r
00125304 000001c8 t _strtoul_l.constprop.0
001254cc 00000004 T _strtoul_r
001254d0 00000188 T __ssprint_r
00125658 000000e0 T _sungetc_r
00125738 0000006c T __ssrefill_r
001257a4 000000c8 T _sfread_r
0012586c 0000064c t get_arg
00125eb8 00003808 T _svfprintf_r
001296c0 000000a8 T __submore
00129768 00000190 T _wcsnrtombs_l
001298f8 0000004c T _wcsnrtombs_r
00129944 000000f0 T __utf8_wctomb
00129a34 0000005c T __assert_func
00129a90 0000003c T fiprintf
00129acc 000000ec t rshift
00129bb8 00000928 T __gethex
0012a4e0 0000004c T __match
0012a52c 0000029c T __hexnan
0012a7c8 0000003c T iswspace_l
0012a804 000001d4 t __jp2uc
0012a9d8 0000009c T _jp2uc_l
0012aa78 00000010 T nan
0012aa88 00000014 T abort
0012aa9c 00000084 T category
0012ab20 00000098 T _raise_r
0012abb8 00000020 T raise
0012abd8 00000008 t null_write
0012abe0 00000018 T setDefaultDevice
0012abf8 000000c8 T FindDevice
0012acc0 00000028 T RemoveDevice
0012ace8 0000009c T AddDevice
0012ad84 00000020 T GetDeviceOpTab
0012ada4 00000078 T _fstat_r
0012ae1c 00000014 T _getpid_r
0012ae30 00000038 T _gettimeofday_r
0012ae68 00000008 T _isatty_r
0012ae70 00000014 T _kill_r
0012ae84 00000084 T _lseek_r
0012af08 000000c8 T _open_r
0012afd0 00000080 T _read_r
0012b050 00000078 T _sbrk_r
0012b0c8 00000080 T _write_r
0012b148 00000024 T _exit
0012b16c 000001b8 T _concatenate_path
0012b324 00000160 T chdir
0012b484 00000008 T __flockfile
0012b48c 00000008 T __funlockfile
0012b494 00000018 T __libc_lock_acquire
0012b4ac 00000018 T __libc_lock_release
0012b4c4 00000018 T __libc_lock_init_recursive
0012b4dc 00000018 T __libc_lock_acquire_recursive
0012b4f4 00000018 T __libc_lock_release_recursive
0012b50c 00000018 T __libc_lock_close_recursive
0012b524 0000008c T __release_handle
0012b5b0 000000b4 T __alloc_handle
0012b664 0000003c T __get_handle
0012b6a0 000000f4 T _close_r
0012b794 00000028 T __getreent
0012b7bc 00000038 T __aeabi_d2lz
0012b7bc 00000038 T __fixdfdi
0012b7f8 00000040 T __aeabi_d2ulz
0012b7f8 00000040 T __fixunsdfdi
0012b838 00000044 T strrchr
0012b87c T _fini
0012c140 R render2d_shbin
0012c2cc R render2d_shbin_end
0012c2cc R render2d_shbin_size
0012c2d0 00000038 r CSWTCH.18
0012c308 00000005 r colorFmtSizes
0012c310 00000004 r depthFmtSizes
0012c314 00000010 r CSWTCH.9
0012c348 00000070 r romFS_devoptab
0012c41c 00000030 r colorTable
0012c44c 00000070 r dotab_stdout
0012c4e0 00000008 r morton_x.3
0012c4e8 00000008 r morton_y.2
0012c4f0 00000008 r s_sleepWakeEvents.4
0012c524 R default_font_bin
0012cd24 R default_font_bin_end
0012cd50 00000070 r archive_devoptab
0012cdc0 00000030 r error_table
0012cdf0 00000060 R __inv_pio4
0012ce50 000000e0 R __sincosf_table
0012cf30 00000004 R _global_impure_ptr
0012cf3c 00000022 r basefix.0
0012cf88 00000010 r blanks.1
0012cf98 00000010 r zeroes.0
0012cfbc 00000010 r blanks.1
0012cfcc 00000010 r zeroes.0
0012cfdc 00000101 R _ctype_
0012d0f0 r .LC2
0012d1d0 00000028 R __mprec_bigtens
0012d1f8 000000c8 R __mprec_tens
0012d2c0 0000000c r p05.0
0012d2dc 00000014 r fpi.1
0012d2f0 00000014 r fpinan.0
0012d308 00000028 r tinytens
0012d330 0000006c R __action_table
0012d39c 00000100 R __chclass
0012d49c 0000006c R __state_table
0012d508 00000010 r blanks.1
0012d518 00000010 r zeroes.0
0012d5b0 00000100 R __hexdig
0012d6c4 000000bc r a1
0012d780 000000bc r a2
0012d83c 0000005b r a3
0012d898 00000070 r a6
0012d908 000000a2 r a7
0012d9ac 00000040 r a8
0012d9ec 0000172a r b02cf
0012f118 00001a7c r d02f4
00130b94 0000000c R _C_numeric_locale
00130ba0 000031e6 r categories
00133d88 00000070 R dotab_stdnull
00133df8 r 
00133df8 R __exidx_end
00133df8 R __exidx_start
00134000 00000001 D runThreads
00134004 00000004 d numSprites
00134008 00000004 d framerate
0013400c 00000008 d framerateCounter
00134014 00000004 D currentConsole
00134018 0000004c D defaultConsole
00134064 00000001 d firstConsoleInit.0
00134068 00000004 d queueLock
0013406c 00000004 d kCount
00134070 00000004 d kDelay
00134074 00000004 d kInterval
00134078 W __stacksize__
0013407c 0000000c d __sfp_recursive_mutex
00134088 0000000c d __sinit_recursive_mutex
00134094 00000004 D _impure_ptr
00134098 00000460 d impure_data
001344f8 00000408 D __malloc_av_
00134900 00000004 D __malloc_sbrk_base
00134904 00000004 D __malloc_trim_threshold
00134908 0000000c d __malloc_recursive_mutex
00134914 0000000c D __atexit_recursive_mutex
00134920 0000016c D __global_locale
00134a8c 00000002 d numempty
00134a90 00000004 d defaultDevice
00134a94 0000008c D devoptab_list
00134b20 00000400 d _current_working_directory
00134f20 00000004 d __hndl_lock
00134f24 0000000c d __stderr_handle
00134f30 0000000c d __stdin_handle
00134f3c 0000000c d __stdout_handle
00134f48 00001000 d handles
00135f50 d _GLOBAL_OFFSET_TABLE_
00135f5c d __frame_dummy_init_array_entry
00135f5c D __init_array_start
00135f5c B __preinit_array_end
00135f5c B __preinit_array_start
00135f5c D __tdata_lma
00135f5c D __tdata_lma_end
00135f60 d __do_global_dtors_aux_fini_array_entry
00135f60 D __fini_array_start
00135f60 D __init_array_end
00135f64 D __bss_start__
00135f64 D __fini_array_end
00135f64 00000004 b frame
00135f68 00000004 b spriteSheet
00135f6c 0000b400 b sprites
0014136c b completed.1
00141370 b object.0
00141388 000005a0 B __C2Di_Context
00141928 00000040 b s_projBot
00141968 00000040 b s_projTop
001419a8 00000004 b uLoc_mdlvMtx
001419ac 00000004 b uLoc_projMtx
001419b0 000002d0 B __C3D_Context
00141c80 0000000c b hookCookie
00141c90 00000010 b cpuTime
00141ca0 00000004 b firstTarget
00141ca4 00000008 b frameCounter
00141cac 00000004 b frameEndCb
00141cb0 00000004 b frameEndCbData
00141cb8 00000010 b gpuTime
00141cc8 00000001 b inFrame
00141cc9 00000001 b inSafeTransfer
00141cca 00000001 b isTopStereo
00141ccc 00000004 b lastTarget
00141cd0 0000000c b linkedTarget
00141cdc 00000001 b measureGpuTime
00141cdd 00000001 b needSwapBot
00141cde 00000001 b needSwapTop
00141ce0 00000004 B C3D_BoolUnifs
00141ce4 00000002 B C3D_BoolUnifsDirty
00141ce8 00000c00 B C3D_FVUnif
001428e8 000000c0 B C3D_FVUnifDirty
001429a8 00000020 B C3D_IVUnif
001429c8 00000008 B C3D_IVUnifDirty
001429d0 000000c0 b C3Di_FVUnifEverDirty
00142a90 00000008 b C3Di_IVUnifEverDirty
00142a98 00000018 b C3Di_ShaderFVecData
00142ab0 0000000c b sAddrMap
00142abc 00000008 b sVramPool
00142ac4 00000008 b sLinearPool
00142acc 0000000c b sAddrMap
00142ad8 00000004 V __romfs_path
00142adc 00000004 b romfs_mount_list
00142ae0 00000001 V __ctru_speedup
00142ae4 0000004c B currentCopy
00142b30 00000004 b gfxBottomFramebufferMaxSize
00142b34 00000008 b gfxBottomFramebuffers
00142b3c 00000002 b gfxCurBuf
00142b40 00000002 b gfxFramebufferFormats
00142b44 00000002 b gfxIsDoubleBuf
00142b46 00000001 b gfxIsVram
00142b48 00000004 b gfxTopFramebufferMaxSize
00142b4c 00000008 b gfxTopFramebuffers
00142b54 00000001 b gfxTopMode
00142b58 00000004 b screenAlloc
00142b5c 00000004 b screenFree
00142b60 00000004 b boundQueue
00142b64 00000004 b curQueue
00142b68 00000001 b isActive
00142b69 00000001 b isRunning
00142b6a 00000001 b shouldStop
00142b6c 00000004 B gpuCmdBuf
00142b70 00000004 B gpuCmdBufOffset
00142b74 00000004 B gpuCmdBufSize
00142b78 00000004 b gspEvent
00142b7c 0000001c b gspEventCb
00142b98 0000001c b gspEventCbData
00142bb4 00000007 b gspEventCbOneShot
00142bbc 00000004 b gspEventThread
00142bc0 00000038 b gspEvents
00142bf8 00000004 b gspGpuHandle
00142bfc 00000001 b gspGpuRight
00142c00 00000004 b gspLastEvent
00142c04 00000004 b gspRefCount
00142c08 00000001 b gspRunEvents
00142c0c 00000004 b gspSharedMem
00142c10 00000004 b gspSharedMemHandle
00142c14 00000001 b gspThreadId
00142c15 00000001 b aptChainloadFlags
00142c16 00000001 b aptChainloadMediatype
00142c18 00000008 b aptChainloadTid
00142c20 00000004 b aptEventHandlerThread
00142c24 00000001 b aptEventHandlerThreadQuit
00142c28 00000008 b aptEvents
00142c30 0000000c b aptFirstHook
00142c3c 00000004 b aptFlags
00142c40 00000001 b aptHomeButtonState
00142c44 00000004 b aptLockHandle
00142c48 00000004 b aptMessageFunc
00142c4c 00000004 b aptMessageFuncData
00142c50 00001000 b aptParameters
00143c50 00000008 b aptReceiveEvent
00143c58 00000004 b aptRefCount
00143c5c 00000008 b aptSleepEvent
00143c64 00000001 b flagInit.1
00143c65 00000001 b flagValue.0
00143c68 00000004 b serviceName.6
00143c6c 00000006 b aVec
00143c74 00000004 b cPos
00143c78 00000006 b gRate
00143c80 00000014 B hidEvents
00143c94 00000004 B hidHandle
00143c98 00000004 B hidMemHandle
00143c9c 00000004 b hidRefCount
00143ca0 00000004 B hidSharedMem
00143ca4 00000004 b kDown
00143ca8 00000004 b kHeld
00143cac 00000004 b kOld
00143cb0 00000004 b kRepeat
00143cb4 00000004 b kUp
00143cb8 00000004 b tPos
00143cbc 00000001 b usingIrrst
00143cc0 00000004 b ptmSysmHandle
00143cc4 00000004 b ptmSysmRefCount
00143cc8 00000080 b fsExemptArchives
00143d48 00000004 b fsuHandle
00143d4c 00000004 b fsuRefCount
00143d50 00000004 B __ctru_heap
00143d54 00000004 V __ctru_heap_size
00143d58 00000004 B __ctru_linear_heap
00143d5c 00000004 V __ctru_linear_heap_size
00143d60 00000004 B __system_retAddr
00143d64 00000004 B __system_argc
00143d68 00000004 B __system_argv
00143d6c b saved_stack
00143d74 00000004 b arbiter
00143d78 00000004 b srvHandle
00143d7c 00000004 b srvRefCount
00143d80 00000004 b currentAddr
00143d84 00000004 b maxAddr
00143d88 00000004 b minAddr
00143d8c 00000004 b csPos
00143d90 00000004 B irrstEvent
00143d94 00000004 B irrstHandle
00143d98 00000004 B irrstMemHandle
00143d9c 00000004 b irrstRefCount
00143da0 00000004 B irrstSharedMem
00143da4 00000004 b kHeld
00143da8 00000004 b srvPmHandle
00143dac 00000004 b archive_device_cwd
00143db0 00000540 b archive_devices
001442f0 00000001 b archive_initialized
001442f4 00000028 B __malloc_current_mallinfo
0014431c 00000004 B __malloc_max_sbrked_mem
00144320 00000004 B __malloc_max_total_mem
00144324 00000004 B __malloc_top_pad
00144328 00000004 b heap_start.0
0014432c 00000004 B fake_heap_end
00144330 00000004 B fake_heap_start
00144334 00000400 b temp_cwd
00144734 00000048 B __syscalls
0014477c B __tls_start
00145384 B __bss_end__
00145384 A __end__
00145384 B __tls_end
